This file contains any messages produced by compilers while
running configure, to aid debugging if configure makes a mistake.

It was created by hplll configure 0.1.1, which was
generated by GNU Autoconf 2.69.  Invocation command line was

  $ ./configure 

## --------- ##
## Platform. ##
## --------- ##

hostname = crunch1
uname -m = x86_64
uname -r = 3.2.0-4-amd64
uname -s = Linux
uname -v = #1 SMP Debian 3.2.32-1

/usr/bin/uname -p = unknown
/bin/uname -X     = unknown

/bin/arch              = unknown
/usr/bin/arch -k       = unknown
/usr/convex/getsysinfo = unknown
/usr/bin/hostinfo      = unknown
/bin/machine           = unknown
/usr/bin/oslevel       = unknown
/bin/universe          = unknown

PATH: /usr/local/bin
PATH: /usr/bin
PATH: /bin
PATH: /usr/local/games
PATH: /usr/games


## ----------- ##
## Core tests. ##
## ----------- ##

configure:2554: checking for a BSD-compatible install
configure:2622: result: /usr/bin/install -c
configure:2633: checking whether build environment is sane
configure:2688: result: yes
configure:2839: checking for a thread-safe mkdir -p
configure:2878: result: /bin/mkdir -p
configure:2885: checking for gawk
configure:2915: result: no
configure:2885: checking for mawk
configure:2901: found /usr/bin/mawk
configure:2912: result: mawk
configure:2923: checking whether make sets $(MAKE)
configure:2945: result: yes
configure:2974: checking whether make supports nested variables
configure:2991: result: yes
configure:3073: checking whether to enable maintainer-specific portions of Makefiles
configure:3082: result: yes
configure:3133: checking build system type
configure:3147: result: x86_64-unknown-linux-gnu
configure:3167: checking host system type
configure:3180: result: x86_64-unknown-linux-gnu
configure:3221: checking how to print strings
configure:3248: result: printf
configure:3281: checking for style of include used by make
configure:3309: result: GNU
configure:3380: checking for gcc
configure:3396: found /usr/bin/gcc
configure:3407: result: gcc
configure:3636: checking for C compiler version
configure:3645: gcc --version >&5
gcc (Debian 4.7.2-5) 4.7.2
Copyright (C) 2012 Free Software Foundation, Inc.
This is free software; see the source for copying conditions.  There is NO
warranty; not even for MERCHANTABILITY or FITNESS FOR A PARTICULAR PURPOSE.

configure:3656: $? = 0
configure:3645: gcc -v >&5
Using built-in specs.
COLLECT_GCC=gcc
COLLECT_LTO_WRAPPER=/usr/lib/gcc/x86_64-linux-gnu/4.7/lto-wrapper
Target: x86_64-linux-gnu
Configured with: ../src/configure -v --with-pkgversion='Debian 4.7.2-5' --with-bugurl=file:///usr/share/doc/gcc-4.7/README.Bugs --enable-languages=c,c++,go,fortran,objc,obj-c++ --prefix=/usr --program-suffix=-4.7 --enable-shared --enable-linker-build-id --with-system-zlib --libexecdir=/usr/lib --without-included-gettext --enable-threads=posix --with-gxx-include-dir=/usr/include/c++/4.7 --libdir=/usr/lib --enable-nls --with-sysroot=/ --enable-clocale=gnu --enable-libstdcxx-debug --enable-libstdcxx-time=yes --enable-gnu-unique-object --enable-plugin --enable-objc-gc --with-arch-32=i586 --with-tune=generic --enable-checking=release --build=x86_64-linux-gnu --host=x86_64-linux-gnu --target=x86_64-linux-gnu
Thread model: posix
gcc version 4.7.2 (Debian 4.7.2-5) 
configure:3656: $? = 0
configure:3645: gcc -V >&5
gcc: error: unrecognized command line option '-V'
gcc: fatal error: no input files
compilation terminated.
configure:3656: $? = 4
configure:3645: gcc -qversion >&5
gcc: error: unrecognized command line option '-qversion'
gcc: fatal error: no input files
compilation terminated.
configure:3656: $? = 4
configure:3676: checking whether the C compiler works
configure:3698: gcc    conftest.c  >&5
configure:3702: $? = 0
configure:3750: result: yes
configure:3753: checking for C compiler default output file name
configure:3755: result: a.out
configure:3761: checking for suffix of executables
configure:3768: gcc -o conftest    conftest.c  >&5
configure:3772: $? = 0
configure:3794: result: 
configure:3816: checking whether we are cross compiling
configure:3824: gcc -o conftest    conftest.c  >&5
configure:3828: $? = 0
configure:3835: ./conftest
configure:3839: $? = 0
configure:3854: result: no
configure:3859: checking for suffix of object files
configure:3881: gcc -c   conftest.c >&5
configure:3885: $? = 0
configure:3906: result: o
configure:3910: checking whether we are using the GNU C compiler
configure:3929: gcc -c   conftest.c >&5
configure:3929: $? = 0
configure:3938: result: yes
configure:3947: checking whether gcc accepts -g
configure:3967: gcc -c -g  conftest.c >&5
configure:3967: $? = 0
configure:4008: result: yes
configure:4025: checking for gcc option to accept ISO C89
configure:4088: gcc  -c -g -O2  conftest.c >&5
configure:4088: $? = 0
configure:4101: result: none needed
configure:4123: checking dependency style of gcc
configure:4234: result: gcc3
configure:4249: checking for a sed that does not truncate output
configure:4313: result: /bin/sed
configure:4331: checking for grep that handles long lines and -e
configure:4389: result: /bin/grep
configure:4394: checking for egrep
configure:4456: result: /bin/grep -E
configure:4461: checking for fgrep
configure:4523: result: /bin/grep -F
configure:4558: checking for ld used by gcc
configure:4625: result: /usr/bin/ld
configure:4632: checking if the linker (/usr/bin/ld) is GNU ld
configure:4647: result: yes
configure:4659: checking for BSD- or MS-compatible name lister (nm)
configure:4708: result: /usr/bin/nm -B
configure:4838: checking the name lister (/usr/bin/nm -B) interface
configure:4845: gcc -c -g -O2  conftest.c >&5
configure:4848: /usr/bin/nm -B "conftest.o"
configure:4851: output
0000000000000000 B some_variable
configure:4858: result: BSD nm
configure:4861: checking whether ln -s works
configure:4865: result: yes
configure:4873: checking the maximum length of command line arguments
configure:5003: result: 1572864
configure:5020: checking whether the shell understands some XSI constructs
configure:5030: result: yes
configure:5034: checking whether the shell understands "+="
configure:5040: result: yes
configure:5075: checking how to convert x86_64-unknown-linux-gnu file names to x86_64-unknown-linux-gnu format
configure:5115: result: func_convert_file_noop
configure:5122: checking how to convert x86_64-unknown-linux-gnu file names to toolchain format
configure:5142: result: func_convert_file_noop
configure:5149: checking for /usr/bin/ld option to reload object files
configure:5156: result: -r
configure:5230: checking for objdump
configure:5246: found /usr/bin/objdump
configure:5257: result: objdump
configure:5289: checking how to recognize dependent libraries
configure:5491: result: pass_all
configure:5576: checking for dlltool
configure:5606: result: no
configure:5636: checking how to associate runtime and link libraries
configure:5663: result: printf %s\n
configure:5724: checking for ar
configure:5740: found /usr/bin/ar
configure:5751: result: ar
configure:5788: checking for archiver @FILE support
configure:5805: gcc -c -g -O2  conftest.c >&5
configure:5805: $? = 0
configure:5808: ar cru libconftest.a @conftest.lst >&5
configure:5811: $? = 0
configure:5816: ar cru libconftest.a @conftest.lst >&5
ar: conftest.o: No such file or directory
configure:5819: $? = 1
configure:5831: result: @
configure:5889: checking for strip
configure:5905: found /usr/bin/strip
configure:5916: result: strip
configure:5988: checking for ranlib
configure:6004: found /usr/bin/ranlib
configure:6015: result: ranlib
configure:6117: checking command to parse /usr/bin/nm -B output from gcc object
configure:6237: gcc -c -g -O2  conftest.c >&5
configure:6240: $? = 0
configure:6244: /usr/bin/nm -B conftest.o \| sed -n -e 's/^.*[ ]\([ABCDGIRSTW][ABCDGIRSTW]*\)[ ][ ]*\([_A-Za-z][_A-Za-z0-9]*\)$/\1 \2 \2/p' | sed '/ __gnu_lto/d' \> conftest.nm
configure:6247: $? = 0
configure:6313: gcc -o conftest -g -O2   conftest.c conftstm.o >&5
configure:6316: $? = 0
configure:6354: result: ok
configure:6391: checking for sysroot
configure:6421: result: no
configure:6498: gcc -c -g -O2  conftest.c >&5
configure:6501: $? = 0
configure:6677: checking for mt
configure:6693: found /bin/mt
configure:6704: result: mt
configure:6727: checking if mt is a manifest tool
configure:6733: mt '-?'
configure:6741: result: no
configure:7383: checking how to run the C preprocessor
configure:7414: gcc -E  conftest.c
configure:7414: $? = 0
configure:7428: gcc -E  conftest.c
conftest.c:11:28: fatal error: ac_nonexistent.h: No such file or directory
compilation terminated.
configure:7428: $? = 1
configure: failed program was:
| /* confdefs.h */
| #define PACKAGE_NAME "hplll"
| #define PACKAGE_TARNAME "hplll"
| #define PACKAGE_VERSION "0.1.1"
| #define PACKAGE_STRING "hplll 0.1.1"
| #define PACKAGE_BUGREPORT ""
| #define PACKAGE_URL ""
| #define PACKAGE "hplll"
| #define VERSION "0.1.1"
| /* end confdefs.h.  */
| #include <ac_nonexistent.h>
configure:7453: result: gcc -E
configure:7473: gcc -E  conftest.c
configure:7473: $? = 0
configure:7487: gcc -E  conftest.c
conftest.c:11:28: fatal error: ac_nonexistent.h: No such file or directory
compilation terminated.
configure:7487: $? = 1
configure: failed program was:
| /* confdefs.h */
| #define PACKAGE_NAME "hplll"
| #define PACKAGE_TARNAME "hplll"
| #define PACKAGE_VERSION "0.1.1"
| #define PACKAGE_STRING "hplll 0.1.1"
| #define PACKAGE_BUGREPORT ""
| #define PACKAGE_URL ""
| #define PACKAGE "hplll"
| #define VERSION "0.1.1"
| /* end confdefs.h.  */
| #include <ac_nonexistent.h>
configure:7516: checking for ANSI C header files
configure:7536: gcc -c -g -O2  conftest.c >&5
configure:7536: $? = 0
configure:7609: gcc -o conftest -g -O2   conftest.c  >&5
configure:7609: $? = 0
configure:7609: ./conftest
configure:7609: $? = 0
configure:7620: result: yes
configure:7633: checking for sys/types.h
configure:7633: gcc -c -g -O2  conftest.c >&5
configure:7633: $? = 0
configure:7633: result: yes
configure:7633: checking for sys/stat.h
configure:7633: gcc -c -g -O2  conftest.c >&5
configure:7633: $? = 0
configure:7633: result: yes
configure:7633: checking for stdlib.h
configure:7633: gcc -c -g -O2  conftest.c >&5
configure:7633: $? = 0
configure:7633: result: yes
configure:7633: checking for string.h
configure:7633: gcc -c -g -O2  conftest.c >&5
configure:7633: $? = 0
configure:7633: result: yes
configure:7633: checking for memory.h
configure:7633: gcc -c -g -O2  conftest.c >&5
configure:7633: $? = 0
configure:7633: result: yes
configure:7633: checking for strings.h
configure:7633: gcc -c -g -O2  conftest.c >&5
configure:7633: $? = 0
configure:7633: result: yes
configure:7633: checking for inttypes.h
configure:7633: gcc -c -g -O2  conftest.c >&5
configure:7633: $? = 0
configure:7633: result: yes
configure:7633: checking for stdint.h
configure:7633: gcc -c -g -O2  conftest.c >&5
configure:7633: $? = 0
configure:7633: result: yes
configure:7633: checking for unistd.h
configure:7633: gcc -c -g -O2  conftest.c >&5
configure:7633: $? = 0
configure:7633: result: yes
configure:7647: checking for dlfcn.h
configure:7647: gcc -c -g -O2  conftest.c >&5
configure:7647: $? = 0
configure:7647: result: yes
configure:7853: checking for objdir
configure:7868: result: .libs
configure:8135: checking if gcc supports -fno-rtti -fno-exceptions
configure:8153: gcc -c -g -O2  -fno-rtti -fno-exceptions conftest.c >&5
cc1: warning: command line option '-fno-rtti' is valid for C++/ObjC++ but not for C [enabled by default]
configure:8157: $? = 0
configure:8170: result: no
configure:8497: checking for gcc option to produce PIC
configure:8504: result: -fPIC -DPIC
configure:8512: checking if gcc PIC flag -fPIC -DPIC works
configure:8530: gcc -c -g -O2  -fPIC -DPIC -DPIC conftest.c >&5
configure:8534: $? = 0
configure:8547: result: yes
configure:8576: checking if gcc static flag -static works
configure:8604: result: yes
configure:8619: checking if gcc supports -c -o file.o
configure:8640: gcc -c -g -O2  -o out/conftest2.o conftest.c >&5
configure:8644: $? = 0
configure:8666: result: yes
configure:8674: checking if gcc supports -c -o file.o
configure:8721: result: yes
configure:8754: checking whether the gcc linker (/usr/bin/ld -m elf_x86_64) supports shared libraries
configure:9907: result: yes
configure:9944: checking whether -lc should be explicitly linked in
configure:9952: gcc -c -g -O2  conftest.c >&5
configure:9955: $? = 0
configure:9970: gcc -shared  -fPIC -DPIC conftest.o  -v -Wl,-soname -Wl,conftest -o conftest 2\>\&1 \| /bin/grep  -lc  \>/dev/null 2\>\&1
configure:9973: $? = 0
configure:9987: result: no
configure:10147: checking dynamic linker characteristics
configure:10658: gcc -o conftest -g -O2   -Wl,-rpath -Wl,/foo conftest.c  >&5
configure:10658: $? = 0
configure:10880: result: GNU/Linux ld.so
configure:10987: checking how to hardcode library paths into programs
configure:11012: result: immediate
configure:11552: checking whether stripping libraries is possible
configure:11557: result: yes
configure:11592: checking if libtool supports shared libraries
configure:11594: result: yes
configure:11597: checking whether to build shared libraries
configure:11618: result: yes
configure:11621: checking whether to build static libraries
configure:11625: result: yes
configure:11730: checking for g++
configure:11746: found /usr/bin/g++
configure:11757: result: g++
configure:11784: checking for C++ compiler version
configure:11793: g++ --version >&5
g++ (Debian 4.7.2-5) 4.7.2
Copyright (C) 2012 Free Software Foundation, Inc.
This is free software; see the source for copying conditions.  There is NO
warranty; not even for MERCHANTABILITY or FITNESS FOR A PARTICULAR PURPOSE.

configure:11804: $? = 0
configure:11793: g++ -v >&5
Using built-in specs.
COLLECT_GCC=g++
COLLECT_LTO_WRAPPER=/usr/lib/gcc/x86_64-linux-gnu/4.7/lto-wrapper
Target: x86_64-linux-gnu
Configured with: ../src/configure -v --with-pkgversion='Debian 4.7.2-5' --with-bugurl=file:///usr/share/doc/gcc-4.7/README.Bugs --enable-languages=c,c++,go,fortran,objc,obj-c++ --prefix=/usr --program-suffix=-4.7 --enable-shared --enable-linker-build-id --with-system-zlib --libexecdir=/usr/lib --without-included-gettext --enable-threads=posix --with-gxx-include-dir=/usr/include/c++/4.7 --libdir=/usr/lib --enable-nls --with-sysroot=/ --enable-clocale=gnu --enable-libstdcxx-debug --enable-libstdcxx-time=yes --enable-gnu-unique-object --enable-plugin --enable-objc-gc --with-arch-32=i586 --with-tune=generic --enable-checking=release --build=x86_64-linux-gnu --host=x86_64-linux-gnu --target=x86_64-linux-gnu
Thread model: posix
gcc version 4.7.2 (Debian 4.7.2-5) 
configure:11804: $? = 0
configure:11793: g++ -V >&5
g++: error: unrecognized command line option '-V'
g++: fatal error: no input files
compilation terminated.
configure:11804: $? = 4
configure:11793: g++ -qversion >&5
g++: error: unrecognized command line option '-qversion'
g++: fatal error: no input files
compilation terminated.
configure:11804: $? = 4
configure:11808: checking whether we are using the GNU C++ compiler
configure:11827: g++ -c -O2 -Wall  conftest.cpp >&5
configure:11827: $? = 0
configure:11836: result: yes
configure:11845: checking whether g++ accepts -g
configure:11865: g++ -c -g  conftest.cpp >&5
configure:11865: $? = 0
configure:11906: result: yes
configure:11931: checking dependency style of g++
configure:12042: result: gcc3
configure:12075: checking how to run the C++ preprocessor
configure:12102: g++ -E  conftest.cpp
configure:12102: $? = 0
configure:12116: g++ -E  conftest.cpp
conftest.cpp:23:28: fatal error: ac_nonexistent.h: No such file or directory
compilation terminated.
configure:12116: $? = 1
configure: failed program was:
| /* confdefs.h */
| #define PACKAGE_NAME "hplll"
| #define PACKAGE_TARNAME "hplll"
| #define PACKAGE_VERSION "0.1.1"
| #define PACKAGE_STRING "hplll 0.1.1"
| #define PACKAGE_BUGREPORT ""
| #define PACKAGE_URL ""
| #define PACKAGE "hplll"
| #define VERSION "0.1.1"
| #define STDC_HEADERS 1
| #define HAVE_SYS_TYPES_H 1
| #define HAVE_SYS_STAT_H 1
| #define HAVE_STDLIB_H 1
| #define HAVE_STRING_H 1
| #define HAVE_MEMORY_H 1
| #define HAVE_STRINGS_H 1
| #define HAVE_INTTYPES_H 1
| #define HAVE_STDINT_H 1
| #define HAVE_UNISTD_H 1
| #define HAVE_DLFCN_H 1
| #define LT_OBJDIR ".libs/"
| /* end confdefs.h.  */
| #include <ac_nonexistent.h>
configure:12141: result: g++ -E
configure:12161: g++ -E  conftest.cpp
configure:12161: $? = 0
configure:12175: g++ -E  conftest.cpp
conftest.cpp:23:28: fatal error: ac_nonexistent.h: No such file or directory
compilation terminated.
configure:12175: $? = 1
configure: failed program was:
| /* confdefs.h */
| #define PACKAGE_NAME "hplll"
| #define PACKAGE_TARNAME "hplll"
| #define PACKAGE_VERSION "0.1.1"
| #define PACKAGE_STRING "hplll 0.1.1"
| #define PACKAGE_BUGREPORT ""
| #define PACKAGE_URL ""
| #define PACKAGE "hplll"
| #define VERSION "0.1.1"
| #define STDC_HEADERS 1
| #define HAVE_SYS_TYPES_H 1
| #define HAVE_SYS_STAT_H 1
| #define HAVE_STDLIB_H 1
| #define HAVE_STRING_H 1
| #define HAVE_MEMORY_H 1
| #define HAVE_STRINGS_H 1
| #define HAVE_INTTYPES_H 1
| #define HAVE_STDINT_H 1
| #define HAVE_UNISTD_H 1
| #define HAVE_DLFCN_H 1
| #define LT_OBJDIR ".libs/"
| /* end confdefs.h.  */
| #include <ac_nonexistent.h>
configure:12344: checking for ld used by g++
configure:12411: result: /usr/bin/ld -m elf_x86_64
configure:12418: checking if the linker (/usr/bin/ld -m elf_x86_64) is GNU ld
configure:12433: result: yes
configure:12488: checking whether the g++ linker (/usr/bin/ld -m elf_x86_64) supports shared libraries
configure:13493: result: yes
configure:13529: g++ -c -O2 -Wall  conftest.cpp >&5
configure:13532: $? = 0
configure:14052: checking for g++ option to produce PIC
configure:14059: result: -fPIC -DPIC
configure:14067: checking if g++ PIC flag -fPIC -DPIC works
configure:14085: g++ -c -O2 -Wall  -fPIC -DPIC -DPIC conftest.cpp >&5
configure:14089: $? = 0
configure:14102: result: yes
configure:14125: checking if g++ static flag -static works
configure:14153: result: yes
configure:14165: checking if g++ supports -c -o file.o
configure:14186: g++ -c -O2 -Wall  -o out/conftest2.o conftest.cpp >&5
configure:14190: $? = 0
configure:14212: result: yes
configure:14217: checking if g++ supports -c -o file.o
configure:14264: result: yes
configure:14294: checking whether the g++ linker (/usr/bin/ld -m elf_x86_64) supports shared libraries
configure:14330: result: yes
configure:14471: checking dynamic linker characteristics
configure:15138: result: GNU/Linux ld.so
configure:15191: checking how to hardcode library paths into programs
configure:15216: result: immediate
configure:15304: checking for gcc
configure:15331: result: gcc
configure:15560: checking for C compiler version
configure:15569: gcc --version >&5
gcc (Debian 4.7.2-5) 4.7.2
Copyright (C) 2012 Free Software Foundation, Inc.
This is free software; see the source for copying conditions.  There is NO
warranty; not even for MERCHANTABILITY or FITNESS FOR A PARTICULAR PURPOSE.

configure:15580: $? = 0
configure:15569: gcc -v >&5
Using built-in specs.
COLLECT_GCC=gcc
COLLECT_LTO_WRAPPER=/usr/lib/gcc/x86_64-linux-gnu/4.7/lto-wrapper
Target: x86_64-linux-gnu
Configured with: ../src/configure -v --with-pkgversion='Debian 4.7.2-5' --with-bugurl=file:///usr/share/doc/gcc-4.7/README.Bugs --enable-languages=c,c++,go,fortran,objc,obj-c++ --prefix=/usr --program-suffix=-4.7 --enable-shared --enable-linker-build-id --with-system-zlib --libexecdir=/usr/lib --without-included-gettext --enable-threads=posix --with-gxx-include-dir=/usr/include/c++/4.7 --libdir=/usr/lib --enable-nls --with-sysroot=/ --enable-clocale=gnu --enable-libstdcxx-debug --enable-libstdcxx-time=yes --enable-gnu-unique-object --enable-plugin --enable-objc-gc --with-arch-32=i586 --with-tune=generic --enable-checking=release --build=x86_64-linux-gnu --host=x86_64-linux-gnu --target=x86_64-linux-gnu
Thread model: posix
gcc version 4.7.2 (Debian 4.7.2-5) 
configure:15580: $? = 0
configure:15569: gcc -V >&5
gcc: error: unrecognized command line option '-V'
gcc: fatal error: no input files
compilation terminated.
configure:15580: $? = 4
configure:15569: gcc -qversion >&5
gcc: error: unrecognized command line option '-qversion'
gcc: fatal error: no input files
compilation terminated.
configure:15580: $? = 4
configure:15584: checking whether we are using the GNU C compiler
configure:15612: result: yes
configure:15621: checking whether gcc accepts -g
configure:15682: result: yes
configure:15699: checking for gcc option to accept ISO C89
configure:15775: result: none needed
configure:15797: checking dependency style of gcc
configure:15908: result: gcc3
configure:15923: checking whether make sets $(MAKE)
configure:15945: result: yes
configure:15956: checking for __gmpz_init in -lgmp
configure:15981: g++ -o conftest -O2 -Wall   conftest.cpp -lgmp   >&5
configure:15981: $? = 0
configure:15990: result: yes
configure:16003: checking for mpfr_add in -lmpfr
configure:16028: g++ -o conftest -O2 -Wall   conftest.cpp -lmpfr  -lgmp  >&5
configure:16028: $? = 0
configure:16037: result: yes
configure:16077: checking for ANSI C header files
configure:16181: result: yes
configure:16192: checking limits.h usability
configure:16192: g++ -c -O2 -Wall  conftest.cpp >&5
configure:16192: $? = 0
configure:16192: result: yes
configure:16192: checking limits.h presence
configure:16192: g++ -E  conftest.cpp
configure:16192: $? = 0
configure:16192: result: yes
configure:16192: checking for limits.h
configure:16192: result: yes
configure:16192: checking cstdio usability
configure:16192: g++ -c -O2 -Wall  conftest.cpp >&5
configure:16192: $? = 0
configure:16192: result: yes
configure:16192: checking cstdio presence
configure:16192: g++ -E  conftest.cpp
configure:16192: $? = 0
configure:16192: result: yes
configure:16192: checking for cstdio
configure:16192: result: yes
configure:16192: checking iostream usability
configure:16192: g++ -c -O2 -Wall  conftest.cpp >&5
configure:16192: $? = 0
configure:16192: result: yes
configure:16192: checking iostream presence
configure:16192: g++ -E  conftest.cpp
configure:16192: $? = 0
configure:16192: result: yes
configure:16192: checking for iostream
configure:16192: result: yes
configure:16192: checking string usability
configure:16192: g++ -c -O2 -Wall  conftest.cpp >&5
configure:16192: $? = 0
configure:16192: result: yes
configure:16192: checking string presence
configure:16192: g++ -E  conftest.cpp
configure:16192: $? = 0
configure:16192: result: yes
configure:16192: checking for string
configure:16192: result: yes
configure:16192: checking limits usability
configure:16192: g++ -c -O2 -Wall  conftest.cpp >&5
configure:16192: $? = 0
configure:16192: result: yes
configure:16192: checking limits presence
configure:16192: g++ -E  conftest.cpp
configure:16192: $? = 0
configure:16192: result: yes
configure:16192: checking for limits
configure:16192: result: yes
configure:16192: checking vector usability
configure:16192: g++ -c -O2 -Wall  conftest.cpp >&5
configure:16192: $? = 0
configure:16192: result: yes
configure:16192: checking vector presence
configure:16192: g++ -E  conftest.cpp
configure:16192: $? = 0
configure:16192: result: yes
configure:16192: checking for vector
configure:16192: result: yes
configure:16204: checking for stdbool.h that conforms to C99
configure:16271: g++ -c -O2 -Wall  conftest.cpp >&5
conftest.cpp: In function 'int main()':
conftest.cpp:81:24: warning: the address of 's' will always evaluate as 'true' [-Waddress]
conftest.cpp:85:23: warning: the address of 'a' will always evaluate as 'true' [-Waddress]
conftest.cpp:85:28: warning: the address of 'b' will always evaluate as 'true' [-Waddress]
conftest.cpp:85:33: warning: the address of 'c' will always evaluate as 'true' [-Waddress]
conftest.cpp:85:38: warning: the address of 'd' will always evaluate as 'true' [-Waddress]
conftest.cpp:85:48: warning: the address of 'f' will always evaluate as 'true' [-Waddress]
conftest.cpp:85:53: warning: the address of 'g' will always evaluate as 'true' [-Waddress]
conftest.cpp:85:58: warning: the address of 'h' will always evaluate as 'true' [-Waddress]
conftest.cpp:85:63: warning: the address of 'i' will always evaluate as 'true' [-Waddress]
conftest.cpp:86:30: warning: the address of 'n' will always evaluate as 'true' [-Waddress]
conftest.cpp:86:35: warning: the address of 'o' will always evaluate as 'true' [-Waddress]
conftest.cpp:86:40: warning: the address of 'p' will always evaluate as 'true' [-Waddress]
configure:16271: $? = 0
configure:16278: result: yes
configure:16280: checking for _Bool
configure:16280: g++ -c -O2 -Wall  conftest.cpp >&5
conftest.cpp: In function 'int main()':
conftest.cpp:68:13: error: '_Bool' was not declared in this scope
configure:16280: $? = 1
configure: failed program was:
| /* confdefs.h */
| #define PACKAGE_NAME "hplll"
| #define PACKAGE_TARNAME "hplll"
| #define PACKAGE_VERSION "0.1.1"
| #define PACKAGE_STRING "hplll 0.1.1"
| #define PACKAGE_BUGREPORT ""
| #define PACKAGE_URL ""
| #define PACKAGE "hplll"
| #define VERSION "0.1.1"
| #define STDC_HEADERS 1
| #define HAVE_SYS_TYPES_H 1
| #define HAVE_SYS_STAT_H 1
| #define HAVE_STDLIB_H 1
| #define HAVE_STRING_H 1
| #define HAVE_MEMORY_H 1
| #define HAVE_STRINGS_H 1
| #define HAVE_INTTYPES_H 1
| #define HAVE_STDINT_H 1
| #define HAVE_UNISTD_H 1
| #define HAVE_DLFCN_H 1
| #define LT_OBJDIR ".libs/"
| #define HAVE_LIBGMP 1
| #define HAVE_LIBMPFR 1
| #define STDC_HEADERS 1
| #define HAVE_LIMITS_H 1
| #define HAVE_CSTDIO 1
| #define HAVE_IOSTREAM 1
| #define HAVE_STRING 1
| #define HAVE_LIMITS 1
| #define HAVE_VECTOR 1
| /* end confdefs.h.  */
| #include <stdio.h>
| #ifdef HAVE_SYS_TYPES_H
| # include <sys/types.h>
| #endif
| #ifdef HAVE_SYS_STAT_H
| # include <sys/stat.h>
| #endif
| #ifdef STDC_HEADERS
| # include <stdlib.h>
| # include <stddef.h>
| #else
| # ifdef HAVE_STDLIB_H
| #  include <stdlib.h>
| # endif
| #endif
| #ifdef HAVE_STRING_H
| # if !defined STDC_HEADERS && defined HAVE_MEMORY_H
| #  include <memory.h>
| # endif
| # include <string.h>
| #endif
| #ifdef HAVE_STRINGS_H
| # include <strings.h>
| #endif
| #ifdef HAVE_INTTYPES_H
| # include <inttypes.h>
| #endif
| #ifdef HAVE_STDINT_H
| # include <stdint.h>
| #endif
| #ifdef HAVE_UNISTD_H
| # include <unistd.h>
| #endif
| int
| main ()
| {
| if (sizeof (_Bool))
| 	 return 0;
|   ;
|   return 0;
| }
configure:16280: result: no
configure:16297: checking for an ANSI C-conforming const
configure:16363: g++ -c -O2 -Wall  conftest.cpp >&5
configure:16363: $? = 0
configure:16370: result: yes
configure:16378: checking for inline
configure:16394: g++ -c -O2 -Wall  conftest.cpp >&5
configure:16394: $? = 0
configure:16402: result: inline
configure:16420: checking for size_t
configure:16420: g++ -c -O2 -Wall  conftest.cpp >&5
configure:16420: $? = 0
configure:16420: g++ -c -O2 -Wall  conftest.cpp >&5
conftest.cpp: In function 'int main()':
conftest.cpp:69:20: error: expected primary-expression before ')' token
configure:16420: $? = 1
configure: failed program was:
| /* confdefs.h */
| #define PACKAGE_NAME "hplll"
| #define PACKAGE_TARNAME "hplll"
| #define PACKAGE_VERSION "0.1.1"
| #define PACKAGE_STRING "hplll 0.1.1"
| #define PACKAGE_BUGREPORT ""
| #define PACKAGE_URL ""
| #define PACKAGE "hplll"
| #define VERSION "0.1.1"
| #define STDC_HEADERS 1
| #define HAVE_SYS_TYPES_H 1
| #define HAVE_SYS_STAT_H 1
| #define HAVE_STDLIB_H 1
| #define HAVE_STRING_H 1
| #define HAVE_MEMORY_H 1
| #define HAVE_STRINGS_H 1
| #define HAVE_INTTYPES_H 1
| #define HAVE_STDINT_H 1
| #define HAVE_UNISTD_H 1
| #define HAVE_DLFCN_H 1
| #define LT_OBJDIR ".libs/"
| #define HAVE_LIBGMP 1
| #define HAVE_LIBMPFR 1
| #define STDC_HEADERS 1
| #define HAVE_LIMITS_H 1
| #define HAVE_CSTDIO 1
| #define HAVE_IOSTREAM 1
| #define HAVE_STRING 1
| #define HAVE_LIMITS 1
| #define HAVE_VECTOR 1
| #define HAVE_STDBOOL_H 1
| /* end confdefs.h.  */
| #include <stdio.h>
| #ifdef HAVE_SYS_TYPES_H
| # include <sys/types.h>
| #endif
| #ifdef HAVE_SYS_STAT_H
| # include <sys/stat.h>
| #endif
| #ifdef STDC_HEADERS
| # include <stdlib.h>
| # include <stddef.h>
| #else
| # ifdef HAVE_STDLIB_H
| #  include <stdlib.h>
| # endif
| #endif
| #ifdef HAVE_STRING_H
| # if !defined STDC_HEADERS && defined HAVE_MEMORY_H
| #  include <memory.h>
| # endif
| # include <string.h>
| #endif
| #ifdef HAVE_STRINGS_H
| # include <strings.h>
| #endif
| #ifdef HAVE_INTTYPES_H
| # include <inttypes.h>
| #endif
| #ifdef HAVE_STDINT_H
| # include <stdint.h>
| #endif
| #ifdef HAVE_UNISTD_H
| # include <unistd.h>
| #endif
| int
| main ()
| {
| if (sizeof ((size_t)))
| 	    return 0;
|   ;
|   return 0;
| }
configure:16420: result: yes
configure:16431: checking for working volatile
configure:16450: g++ -c -O2 -Wall  conftest.cpp >&5
configure:16450: $? = 0
configure:16457: result: yes
configure:16467: checking for working strtod
configure:16508: g++ -o conftest -O2 -Wall   conftest.cpp -lmpfr -lgmp  >&5
conftest.cpp: In function 'int main()':
conftest.cpp:75:20: warning: deprecated conversion from string constant to 'char*' [-Wwrite-strings]
conftest.cpp:86:20: warning: deprecated conversion from string constant to 'char*' [-Wwrite-strings]
configure:16508: $? = 0
configure:16508: ./conftest
configure:16508: $? = 0
configure:16518: result: yes
configure:16583: checking for floor
configure:16583: g++ -o conftest -O2 -Wall   conftest.cpp -lmpfr -lgmp  >&5
configure:16583: $? = 0
configure:16583: result: yes
configure:16583: checking for pow
configure:16583: g++ -o conftest -O2 -Wall   conftest.cpp -lmpfr -lgmp  >&5
configure:16583: $? = 0
configure:16583: result: yes
configure:16583: checking for rint
configure:16583: g++ -o conftest -O2 -Wall   conftest.cpp -lmpfr -lgmp  >&5
configure:16583: $? = 0
configure:16583: result: yes
configure:16583: checking for sqrt
configure:16583: g++ -o conftest -O2 -Wall   conftest.cpp -lmpfr -lgmp  >&5
configure:16583: $? = 0
configure:16583: result: yes
configure:16583: checking for strtol
configure:16583: g++ -o conftest -O2 -Wall   conftest.cpp -lmpfr -lgmp  >&5
configure:16583: $? = 0
configure:16583: result: yes
configure:16583: checking for utime
configure:16583: g++ -o conftest -O2 -Wall   conftest.cpp -lmpfr -lgmp  >&5
configure:16583: $? = 0
configure:16583: result: yes
configure:16594: checking for __gmp_get_memory_functions in -lgmp
configure:16619: g++ -o conftest -O2 -Wall   conftest.cpp -lgmp  -lmpfr -lgmp  >&5
configure:16619: $? = 0
configure:16628: result: yes
configure:16642: checking for mpfr_fms in -lmpfr
configure:16667: g++ -o conftest -O2 -Wall   conftest.cpp -lmpfr  -lgmp -lmpfr -lgmp  >&5
configure:16667: $? = 0
configure:16676: result: yes
configure:16801: checking that generated files are newer than configure
configure:16807: result: done
configure:16842: creating ./config.status

## ---------------------- ##
## Running config.status. ##
## ---------------------- ##

This file was extended by hplll config.status 0.1.1, which was
generated by GNU Autoconf 2.69.  Invocation command line was

  CONFIG_FILES    = 
  CONFIG_HEADERS  = 
  CONFIG_LINKS    = 
  CONFIG_COMMANDS = 
  $ ./config.status 

on crunch1

config.status:1167: creating Makefile
config.status:1167: creating src/Makefile
config.status:1167: creating tests/Makefile
config.status:1167: creating config.h
config.status:1348: config.h is unchanged
config.status:1396: executing depfiles commands
config.status:1396: executing libtool commands

## ---------------- ##
## Cache variables. ##
## ---------------- ##

ac_cv_build=x86_64-unknown-linux-gnu
ac_cv_c_compiler_gnu=yes
ac_cv_c_const=yes
ac_cv_c_inline=inline
ac_cv_c_volatile=yes
ac_cv_cxx_compiler_gnu=yes
ac_cv_env_CCC_set=
ac_cv_env_CCC_value=
ac_cv_env_CC_set=
ac_cv_env_CC_value=
ac_cv_env_CFLAGS_set=
ac_cv_env_CFLAGS_value=
ac_cv_env_CPPFLAGS_set=
ac_cv_env_CPPFLAGS_value=
ac_cv_env_CPP_set=
ac_cv_env_CPP_value=
ac_cv_env_CXXCPP_set=
ac_cv_env_CXXCPP_value=
ac_cv_env_CXXFLAGS_set=
ac_cv_env_CXXFLAGS_value=
ac_cv_env_CXX_set=
ac_cv_env_CXX_value=
ac_cv_env_LDFLAGS_set=
ac_cv_env_LDFLAGS_value=
ac_cv_env_LIBS_set=
ac_cv_env_LIBS_value=
ac_cv_env_build_alias_set=
ac_cv_env_build_alias_value=
ac_cv_env_host_alias_set=
ac_cv_env_host_alias_value=
ac_cv_env_target_alias_set=
ac_cv_env_target_alias_value=
ac_cv_func_floor=yes
ac_cv_func_pow=yes
ac_cv_func_rint=yes
ac_cv_func_sqrt=yes
ac_cv_func_strtod=yes
ac_cv_func_strtol=yes
ac_cv_func_utime=yes
ac_cv_header_cstdio=yes
ac_cv_header_dlfcn_h=yes
ac_cv_header_inttypes_h=yes
ac_cv_header_iostream=yes
ac_cv_header_limits=yes
ac_cv_header_limits_h=yes
ac_cv_header_memory_h=yes
ac_cv_header_stdbool_h=yes
ac_cv_header_stdc=yes
ac_cv_header_stdint_h=yes
ac_cv_header_stdlib_h=yes
ac_cv_header_string=yes
ac_cv_header_string_h=yes
ac_cv_header_strings_h=yes
ac_cv_header_sys_stat_h=yes
ac_cv_header_sys_types_h=yes
ac_cv_header_unistd_h=yes
ac_cv_header_vector=yes
ac_cv_host=x86_64-unknown-linux-gnu
ac_cv_lib_gmp___gmp_get_memory_functions=yes
ac_cv_lib_gmp___gmpz_init=yes
ac_cv_lib_mpfr_mpfr_add=yes
ac_cv_lib_mpfr_mpfr_fms=yes
ac_cv_objext=o
ac_cv_path_EGREP='/bin/grep -E'
ac_cv_path_FGREP='/bin/grep -F'
ac_cv_path_GREP=/bin/grep
ac_cv_path_SED=/bin/sed
ac_cv_path_install='/usr/bin/install -c'
ac_cv_path_mkdir=/bin/mkdir
ac_cv_prog_AWK=mawk
ac_cv_prog_CPP='gcc -E'
ac_cv_prog_CXXCPP='g++ -E'
ac_cv_prog_ac_ct_AR=ar
ac_cv_prog_ac_ct_CC=gcc
ac_cv_prog_ac_ct_CXX=g++
ac_cv_prog_ac_ct_MANIFEST_TOOL=mt
ac_cv_prog_ac_ct_OBJDUMP=objdump
ac_cv_prog_ac_ct_RANLIB=ranlib
ac_cv_prog_ac_ct_STRIP=strip
ac_cv_prog_cc_c89=
ac_cv_prog_cc_g=yes
ac_cv_prog_cxx_g=yes
ac_cv_prog_make_make_set=yes
ac_cv_type__Bool=no
ac_cv_type_size_t=yes
am_cv_CC_dependencies_compiler_type=gcc3
am_cv_CXX_dependencies_compiler_type=gcc3
am_cv_make_support_nested_variables=yes
lt_cv_ar_at_file=@
lt_cv_archive_cmds_need_lc=no
lt_cv_deplibs_check_method=pass_all
lt_cv_file_magic_cmd='$MAGIC_CMD'
lt_cv_file_magic_test_file=
lt_cv_ld_reload_flag=-r
lt_cv_nm_interface='BSD nm'
lt_cv_objdir=.libs
lt_cv_path_LD=/usr/bin/ld
lt_cv_path_LDCXX='/usr/bin/ld -m elf_x86_64'
lt_cv_path_NM='/usr/bin/nm -B'
lt_cv_path_mainfest_tool=no
lt_cv_prog_compiler_c_o=yes
lt_cv_prog_compiler_c_o_CXX=yes
lt_cv_prog_compiler_pic='-fPIC -DPIC'
lt_cv_prog_compiler_pic_CXX='-fPIC -DPIC'
lt_cv_prog_compiler_pic_works=yes
lt_cv_prog_compiler_pic_works_CXX=yes
lt_cv_prog_compiler_rtti_exceptions=no
lt_cv_prog_compiler_static_works=yes
lt_cv_prog_compiler_static_works_CXX=yes
lt_cv_prog_gnu_ld=yes
lt_cv_prog_gnu_ldcxx=yes
lt_cv_sharedlib_from_linklib_cmd='printf %s\n'
lt_cv_shlibpath_overrides_runpath=no
lt_cv_sys_global_symbol_pipe='sed -n -e '\''s/^.*[	 ]\([ABCDGIRSTW][ABCDGIRSTW]*\)[	 ][	 ]*\([_A-Za-z][_A-Za-z0-9]*\)$/\1 \2 \2/p'\'' | sed '\''/ __gnu_lto/d'\'''
lt_cv_sys_global_symbol_to_c_name_address='sed -n -e '\''s/^: \([^ ]*\)[ ]*$/  {\"\1\", (void *) 0},/p'\'' -e '\''s/^[ABCDGIRSTW]* \([^ ]*\) \([^ ]*\)$/  {"\2", (void *) \&\2},/p'\'''
lt_cv_sys_global_symbol_to_c_name_address_lib_prefix='sed -n -e '\''s/^: \([^ ]*\)[ ]*$/  {\"\1\", (void *) 0},/p'\'' -e '\''s/^[ABCDGIRSTW]* \([^ ]*\) \(lib[^ ]*\)$/  {"\2", (void *) \&\2},/p'\'' -e '\''s/^[ABCDGIRSTW]* \([^ ]*\) \([^ ]*\)$/  {"lib\2", (void *) \&\2},/p'\'''
lt_cv_sys_global_symbol_to_cdecl='sed -n -e '\''s/^T .* \(.*\)$/extern int \1();/p'\'' -e '\''s/^[ABCDGIRSTW]* .* \(.*\)$/extern char \1;/p'\'''
lt_cv_sys_max_cmd_len=1572864
lt_cv_to_host_file_cmd=func_convert_file_noop
lt_cv_to_tool_file_cmd=func_convert_file_noop

## ----------------- ##
## Output variables. ##
## ----------------- ##

ACLOCAL='${SHELL} /home/gvillard/Soft/svn-hplll/trunk/missing aclocal-1.13'
AMDEPBACKSLASH='\'
AMDEP_FALSE='#'
AMDEP_TRUE=''
AMTAR='$${TAR-tar}'
AM_BACKSLASH='\'
AM_DEFAULT_V='$(AM_DEFAULT_VERBOSITY)'
AM_DEFAULT_VERBOSITY='1'
AM_V='$(V)'
AR='ar'
AUTOCONF='${SHELL} /home/gvillard/Soft/svn-hplll/trunk/missing autoconf'
AUTOHEADER='${SHELL} /home/gvillard/Soft/svn-hplll/trunk/missing autoheader'
AUTOMAKE='${SHELL} /home/gvillard/Soft/svn-hplll/trunk/missing automake-1.13'
AWK='mawk'
CC='gcc'
CCDEPMODE='depmode=gcc3'
CFLAGS='-g -O2'
CPP='gcc -E'
CPPFLAGS=''
CXX='g++'
CXXCPP='g++ -E'
CXXDEPMODE='depmode=gcc3'
CXXFLAGS='-O2 -Wall'
CYGPATH_W='echo'
DEFS='-DHAVE_CONFIG_H'
DEPDIR='.deps'
DLLTOOL='false'
DSYMUTIL=''
DUMPBIN=''
ECHO_C=''
ECHO_N='-n'
ECHO_T=''
EGREP='/bin/grep -E'
EXEEXT=''
FGREP='/bin/grep -F'
GREP='/bin/grep'
INSTALL_DATA='${INSTALL} -m 644'
INSTALL_PROGRAM='${INSTALL}'
INSTALL_SCRIPT='${INSTALL}'
INSTALL_STRIP_PROGRAM='$(install_sh) -c -s'
LD='/usr/bin/ld -m elf_x86_64'
LDFLAGS=''
LIBOBJS=''
LIBS='-lmpfr -lgmp -lmpfr -lgmp '
LIBTOOL='$(SHELL) $(top_builddir)/libtool'
LIPO=''
LN_S='ln -s'
LTLIBOBJS=''
MAINT=''
MAINTAINER_MODE_FALSE='#'
MAINTAINER_MODE_TRUE=''
MAKEINFO='${SHELL} /home/gvillard/Soft/svn-hplll/trunk/missing makeinfo'
MANIFEST_TOOL=':'
MKDIR_P='/bin/mkdir -p'
NM='/usr/bin/nm -B'
NMEDIT=''
OBJDUMP='objdump'
OBJEXT='o'
OTOOL64=''
OTOOL=''
PACKAGE='hplll'
PACKAGE_BUGREPORT=''
PACKAGE_NAME='hplll'
PACKAGE_STRING='hplll 0.1.1'
PACKAGE_TARNAME='hplll'
PACKAGE_URL=''
PACKAGE_VERSION='0.1.1'
PATH_SEPARATOR=':'
POW_LIB=''
RANLIB='ranlib'
SED='/bin/sed'
SET_MAKE=''
SHELL='/bin/bash'
STRIP='strip'
VERSION='0.1.1'
ac_ct_AR='ar'
ac_ct_CC='gcc'
ac_ct_CXX='g++'
ac_ct_DUMPBIN=''
am__EXEEXT_FALSE=''
am__EXEEXT_TRUE='#'
am__fastdepCC_FALSE='#'
am__fastdepCC_TRUE=''
am__fastdepCXX_FALSE='#'
am__fastdepCXX_TRUE=''
am__include='include'
am__isrc=''
am__leading_dot='.'
am__nodep='_no'
am__quote=''
am__tar='$${TAR-tar} chof - "$$tardir"'
am__untar='$${TAR-tar} xf -'
bindir='${exec_prefix}/bin'
build='x86_64-unknown-linux-gnu'
build_alias=''
build_cpu='x86_64'
build_os='linux-gnu'
build_vendor='unknown'
datadir='${datarootdir}'
datarootdir='${prefix}/share'
docdir='${datarootdir}/doc/${PACKAGE_TARNAME}'
dvidir='${docdir}'
exec_prefix='${prefix}'
host='x86_64-unknown-linux-gnu'
host_alias=''
host_cpu='x86_64'
host_os='linux-gnu'
host_vendor='unknown'
htmldir='${docdir}'
includedir='${prefix}/include'
infodir='${datarootdir}/info'
install_sh='${SHELL} /home/gvillard/Soft/svn-hplll/trunk/install-sh'
libdir='${exec_prefix}/lib'
libexecdir='${exec_prefix}/libexec'
localedir='${datarootdir}/locale'
localstatedir='${prefix}/var'
mandir='${datarootdir}/man'
mkdir_p='$(MKDIR_P)'
oldincludedir='/usr/include'
pdfdir='${docdir}'
prefix='/usr/local'
program_transform_name='s,x,x,'
psdir='${docdir}'
sbindir='${exec_prefix}/sbin'
sharedstatedir='${prefix}/com'
sysconfdir='${prefix}/etc'
target_alias=''

## ----------- ##
## confdefs.h. ##
## ----------- ##

/* confdefs.h */
#define PACKAGE_NAME "hplll"
#define PACKAGE_TARNAME "hplll"
#define PACKAGE_VERSION "0.1.1"
#define PACKAGE_STRING "hplll 0.1.1"
#define PACKAGE_BUGREPORT ""
#define PACKAGE_URL ""
#define PACKAGE "hplll"
#define VERSION "0.1.1"
#define STDC_HEADERS 1
#define HAVE_SYS_TYPES_H 1
#define HAVE_SYS_STAT_H 1
#define HAVE_STDLIB_H 1
#define HAVE_STRING_H 1
#define HAVE_MEMORY_H 1
#define HAVE_STRINGS_H 1
#define HAVE_INTTYPES_H 1
#define HAVE_STDINT_H 1
#define HAVE_UNISTD_H 1
#define HAVE_DLFCN_H 1
#define LT_OBJDIR ".libs/"
#define HAVE_LIBGMP 1
#define HAVE_LIBMPFR 1
#define STDC_HEADERS 1
#define HAVE_LIMITS_H 1
#define HAVE_CSTDIO 1
#define HAVE_IOSTREAM 1
#define HAVE_STRING 1
#define HAVE_LIMITS 1
#define HAVE_VECTOR 1
#define HAVE_STDBOOL_H 1
#define HAVE_FLOOR 1
#define HAVE_POW 1
#define HAVE_RINT 1
#define HAVE_SQRT 1
#define HAVE_STRTOL 1
#define HAVE_UTIME 1
#define HAVE_LIBGMP 1
#define HAVE_LIBMPFR 1

configure: exit 0
