This file contains any messages produced by compilers while
running configure, to aid debugging if configure makes a mistake.

It was created by hplll configure 0.1.1, which was
generated by GNU Autoconf 2.69.  Invocation command line was

  $ ./configure --no-create --no-recursion

## --------- ##
## Platform. ##
## --------- ##

hostname = New-MacBook-II-3.local
uname -m = x86_64
uname -r = 13.1.0
uname -s = Darwin
uname -v = Darwin Kernel Version 13.1.0: Thu Jan 16 19:40:37 PST 2014; root:xnu-2422.90.20~2/RELEASE_X86_64

/usr/bin/uname -p = i386
/bin/uname -X     = unknown

/bin/arch              = unknown
/usr/bin/arch -k       = unknown
/usr/convex/getsysinfo = unknown
/usr/bin/hostinfo      = Mach kernel version:
	 Darwin Kernel Version 13.1.0: Thu Jan 16 19:40:37 PST 2014; root:xnu-2422.90.20~2/RELEASE_X86_64
Kernel configured for up to 8 processors.
4 processors are physically available.
8 processors are logically available.
Processor type: i486 (Intel 80486)
Processors active: 0 1 2 3 4 5 6 7
Primary memory available: 16.00 gigabytes
Default processor set: 191 tasks, 800 threads, 8 processors
Load average: 1.53, Mach factor: 6.46
/bin/machine           = unknown
/usr/bin/oslevel       = unknown
/bin/universe          = unknown

PATH: /usr/bin
PATH: /bin
PATH: /usr/sbin
PATH: /sbin
PATH: /usr/local/bin
PATH: /usr/texbin
PATH: /Developer/usr/bin
PATH: /Users/gvillard/bin
PATH: /opt/local/bin
PATH: .


## ----------- ##
## Core tests. ##
## ----------- ##

configure:2558: checking for a BSD-compatible install
configure:2626: result: /usr/bin/install -c
configure:2637: checking whether build environment is sane
configure:2692: result: yes
configure:2843: checking for a thread-safe mkdir -p
configure:2882: result: /opt/local/bin/gmkdir -p
configure:2889: checking for gawk
configure:2919: result: no
configure:2889: checking for mawk
configure:2919: result: no
configure:2889: checking for nawk
configure:2919: result: no
configure:2889: checking for awk
configure:2905: found /usr/bin/awk
configure:2916: result: awk
configure:2927: checking whether make sets $(MAKE)
configure:2949: result: yes
configure:2978: checking whether make supports nested variables
configure:2995: result: yes
configure:3077: checking whether to enable maintainer-specific portions of Makefiles
configure:3086: result: yes
configure:3138: checking build system type
configure:3152: result: x86_64-apple-darwin13.1.0
configure:3172: checking host system type
configure:3185: result: x86_64-apple-darwin13.1.0
configure:3226: checking how to print strings
configure:3253: result: printf
configure:3286: checking for style of include used by make
configure:3314: result: GNU
configure:3385: checking for gcc
configure:3401: found /usr/bin/gcc
configure:3412: result: gcc
configure:3641: checking for C compiler version
configure:3650: gcc --version >&5
Apple LLVM version 5.1 (clang-503.0.38) (based on LLVM 3.4svn)
Target: x86_64-apple-darwin13.1.0
Thread model: posix
Configured with: --prefix=/Applications/Xcode.app/Contents/Developer/usr --with-gxx-include-dir=/usr/include/c++/4.2.1
configure:3661: $? = 0
configure:3650: gcc -v >&5
Configured with: --prefix=/Applications/Xcode.app/Contents/Developer/usr --with-gxx-include-dir=/usr/include/c++/4.2.1
Apple LLVM version 5.1 (clang-503.0.38) (based on LLVM 3.4svn)
Target: x86_64-apple-darwin13.1.0
Thread model: posix
configure:3661: $? = 0
configure:3650: gcc -V >&5
clang: error: argument to '-V' is missing (expected 1 value)
clang: error: no input files
configure:3661: $? = 1
configure:3650: gcc -qversion >&5
clang: error: unknown argument: '-qversion' [-Wunused-command-line-argument-hard-error-in-future]
clang: note: this will be a hard error (cannot be downgraded to a warning) in the future
clang: error: no input files
configure:3661: $? = 1
configure:3681: checking whether the C compiler works
configure:3703: gcc  -O2 -Wall   conftest.c  >&5
configure:3707: $? = 0
configure:3755: result: yes
configure:3758: checking for C compiler default output file name
configure:3760: result: a.out
configure:3766: checking for suffix of executables
configure:3773: gcc -o conftest  -O2 -Wall   conftest.c  >&5
configure:3777: $? = 0
configure:3799: result: 
configure:3821: checking whether we are cross compiling
configure:3829: gcc -o conftest  -O2 -Wall   conftest.c  >&5
configure:3833: $? = 0
configure:3840: ./conftest
configure:3844: $? = 0
configure:3859: result: no
configure:3864: checking for suffix of object files
configure:3886: gcc -c  -O2 -Wall  conftest.c >&5
configure:3890: $? = 0
configure:3911: result: o
configure:3915: checking whether we are using the GNU C compiler
configure:3934: gcc -c  -O2 -Wall  conftest.c >&5
configure:3934: $? = 0
configure:3943: result: yes
configure:3952: checking whether gcc accepts -g
configure:3972: gcc -c -g  conftest.c >&5
configure:3972: $? = 0
configure:4013: result: yes
configure:4030: checking for gcc option to accept ISO C89
configure:4093: gcc  -c  -O2 -Wall  conftest.c >&5
configure:4093: $? = 0
configure:4106: result: none needed
configure:4128: checking dependency style of gcc
configure:4239: result: gcc3
configure:4254: checking for a sed that does not truncate output
configure:4318: result: /usr/bin/sed
configure:4336: checking for grep that handles long lines and -e
configure:4394: result: /usr/bin/grep
configure:4399: checking for egrep
configure:4461: result: /usr/bin/grep -E
configure:4466: checking for fgrep
configure:4528: result: /usr/bin/grep -F
configure:4563: checking for ld used by gcc
configure:4630: result: /Applications/Xcode.app/Contents/Developer/Toolchains/XcodeDefault.xctoolchain/usr/bin/ld
configure:4637: checking if the linker (/Applications/Xcode.app/Contents/Developer/Toolchains/XcodeDefault.xctoolchain/usr/bin/ld) is GNU ld
configure:4652: result: no
configure:4664: checking for BSD- or MS-compatible name lister (nm)
configure:4713: result: /usr/bin/nm
configure:4843: checking the name lister (/usr/bin/nm) interface
configure:4850: gcc -c  -O2 -Wall  conftest.c >&5
configure:4853: /usr/bin/nm "conftest.o"
configure:4856: output
0000000000000000 S _some_variable
configure:4863: result: BSD nm
configure:4866: checking whether ln -s works
configure:4870: result: yes
configure:4878: checking the maximum length of command line arguments
configure:5008: result: 196608
configure:5025: checking whether the shell understands some XSI constructs
configure:5035: result: yes
configure:5039: checking whether the shell understands "+="
configure:5045: result: yes
configure:5080: checking how to convert x86_64-apple-darwin13.1.0 file names to x86_64-apple-darwin13.1.0 format
configure:5120: result: func_convert_file_noop
configure:5127: checking how to convert x86_64-apple-darwin13.1.0 file names to toolchain format
configure:5147: result: func_convert_file_noop
configure:5154: checking for /Applications/Xcode.app/Contents/Developer/Toolchains/XcodeDefault.xctoolchain/usr/bin/ld option to reload object files
configure:5161: result: -r
configure:5235: checking for objdump
configure:5265: result: no
configure:5294: checking how to recognize dependent libraries
configure:5496: result: pass_all
configure:5581: checking for dlltool
configure:5611: result: no
configure:5641: checking how to associate runtime and link libraries
configure:5668: result: printf %s\n
configure:5729: checking for ar
configure:5745: found /usr/bin/ar
configure:5756: result: ar
configure:5793: checking for archiver @FILE support
configure:5810: gcc -c  -O2 -Wall  conftest.c >&5
configure:5810: $? = 0
configure:5813: ar cru libconftest.a @conftest.lst >&5
ar: @conftest.lst: No such file or directory
configure:5816: $? = 1
configure:5836: result: no
configure:5894: checking for strip
configure:5910: found /usr/bin/strip
configure:5921: result: strip
configure:5993: checking for ranlib
configure:6009: found /usr/bin/ranlib
configure:6020: result: ranlib
configure:6122: checking command to parse /usr/bin/nm output from gcc object
configure:6242: gcc -c  -O2 -Wall  conftest.c >&5
configure:6245: $? = 0
configure:6249: /usr/bin/nm conftest.o \| sed -n -e 's/^.*[ ]\([BCDEGRST][BCDEGRST]*\)[ ][ ]*\([_A-Za-z][_A-Za-z0-9]*\)$/\1 \2 \2/p' | sed '/ __gnu_lto/d' \> conftest.nm
configure:6252: $? = 0
cannot find nm_test_var in conftest.nm
configure:6242: gcc -c  -O2 -Wall  conftest.c >&5
configure:6245: $? = 0
configure:6249: /usr/bin/nm conftest.o \| sed -n -e 's/^.*[ ]\([BCDEGRST][BCDEGRST]*\)[ ][ ]*_\([_A-Za-z][_A-Za-z0-9]*\)$/\1 _\2 \2/p' | sed '/ __gnu_lto/d' \> conftest.nm
configure:6252: $? = 0
configure:6318: gcc -o conftest  -O2 -Wall   conftest.c conftstm.o >&5
configure:6321: $? = 0
configure:6359: result: ok
configure:6396: checking for sysroot
configure:6426: result: no
configure:6682: checking for mt
configure:6712: result: no
configure:6732: checking if : is a manifest tool
configure:6738: : '-?'
configure:6746: result: no
configure:6802: checking for dsymutil
configure:6818: found /usr/bin/dsymutil
configure:6829: result: dsymutil
configure:6894: checking for nmedit
configure:6910: found /usr/bin/nmedit
configure:6921: result: nmedit
configure:6986: checking for lipo
configure:7002: found /usr/bin/lipo
configure:7013: result: lipo
configure:7078: checking for otool
configure:7094: found /usr/bin/otool
configure:7105: result: otool
configure:7170: checking for otool64
configure:7200: result: no
configure:7245: checking for -single_module linker flag
gcc  -O2 -Wall  -o libconftest.dylib -dynamiclib -Wl,-single_module conftest.c
configure:7278: result: yes
configure:7281: checking for -exported_symbols_list linker flag
configure:7301: gcc -o conftest  -O2 -Wall   -Wl,-exported_symbols_list,conftest.sym conftest.c  >&5
configure:7301: $? = 0
configure:7311: result: yes
configure:7314: checking for -force_load linker flag
gcc  -O2 -Wall -c -o conftest.o conftest.c
ar cru libconftest.a conftest.o
ranlib libconftest.a
gcc  -O2 -Wall  -o conftest conftest.c -Wl,-force_load,./libconftest.a
configure:7346: result: yes
configure:7388: checking how to run the C preprocessor
configure:7419: gcc -E  conftest.c
configure:7419: $? = 0
configure:7433: gcc -E  conftest.c
conftest.c:11:10: fatal error: 'ac_nonexistent.h' file not found
#include <ac_nonexistent.h>
         ^
1 error generated.
configure:7433: $? = 1
configure: failed program was:
| /* confdefs.h */
| #define PACKAGE_NAME "hplll"
| #define PACKAGE_TARNAME "hplll"
| #define PACKAGE_VERSION "0.1.1"
| #define PACKAGE_STRING "hplll 0.1.1"
| #define PACKAGE_BUGREPORT ""
| #define PACKAGE_URL ""
| #define PACKAGE "hplll"
| #define VERSION "0.1.1"
| /* end confdefs.h.  */
| #include <ac_nonexistent.h>
configure:7458: result: gcc -E
configure:7478: gcc -E  conftest.c
configure:7478: $? = 0
configure:7492: gcc -E  conftest.c
conftest.c:11:10: fatal error: 'ac_nonexistent.h' file not found
#include <ac_nonexistent.h>
         ^
1 error generated.
configure:7492: $? = 1
configure: failed program was:
| /* confdefs.h */
| #define PACKAGE_NAME "hplll"
| #define PACKAGE_TARNAME "hplll"
| #define PACKAGE_VERSION "0.1.1"
| #define PACKAGE_STRING "hplll 0.1.1"
| #define PACKAGE_BUGREPORT ""
| #define PACKAGE_URL ""
| #define PACKAGE "hplll"
| #define VERSION "0.1.1"
| /* end confdefs.h.  */
| #include <ac_nonexistent.h>
configure:7521: checking for ANSI C header files
configure:7541: gcc -c  -O2 -Wall  conftest.c >&5
configure:7541: $? = 0
configure:7614: gcc -o conftest  -O2 -Wall   conftest.c  >&5
configure:7614: $? = 0
configure:7614: ./conftest
configure:7614: $? = 0
configure:7625: result: yes
configure:7638: checking for sys/types.h
configure:7638: gcc -c  -O2 -Wall  conftest.c >&5
configure:7638: $? = 0
configure:7638: result: yes
configure:7638: checking for sys/stat.h
configure:7638: gcc -c  -O2 -Wall  conftest.c >&5
configure:7638: $? = 0
configure:7638: result: yes
configure:7638: checking for stdlib.h
configure:7638: gcc -c  -O2 -Wall  conftest.c >&5
configure:7638: $? = 0
configure:7638: result: yes
configure:7638: checking for string.h
configure:7638: gcc -c  -O2 -Wall  conftest.c >&5
configure:7638: $? = 0
configure:7638: result: yes
configure:7638: checking for memory.h
configure:7638: gcc -c  -O2 -Wall  conftest.c >&5
configure:7638: $? = 0
configure:7638: result: yes
configure:7638: checking for strings.h
configure:7638: gcc -c  -O2 -Wall  conftest.c >&5
configure:7638: $? = 0
configure:7638: result: yes
configure:7638: checking for inttypes.h
configure:7638: gcc -c  -O2 -Wall  conftest.c >&5
configure:7638: $? = 0
configure:7638: result: yes
configure:7638: checking for stdint.h
configure:7638: gcc -c  -O2 -Wall  conftest.c >&5
configure:7638: $? = 0
configure:7638: result: yes
configure:7638: checking for unistd.h
configure:7638: gcc -c  -O2 -Wall  conftest.c >&5
configure:7638: $? = 0
configure:7638: result: yes
configure:7652: checking for dlfcn.h
configure:7652: gcc -c  -O2 -Wall  conftest.c >&5
configure:7652: $? = 0
configure:7652: result: yes
configure:7858: checking for objdir
configure:7873: result: .libs
configure:8144: checking if gcc supports -fno-rtti -fno-exceptions
configure:8162: gcc -c  -O2 -Wall  -fno-rtti -fno-exceptions conftest.c >&5
configure:8166: $? = 0
configure:8179: result: yes
configure:8506: checking for gcc option to produce PIC
configure:8513: result: -fno-common -DPIC
configure:8521: checking if gcc PIC flag -fno-common -DPIC works
configure:8539: gcc -c  -O2 -Wall  -fno-common -DPIC -DPIC conftest.c >&5
configure:8543: $? = 0
configure:8556: result: yes
configure:8585: checking if gcc static flag -static works
configure:8613: result: no
configure:8628: checking if gcc supports -c -o file.o
configure:8649: gcc -c  -O2 -Wall  -o out/conftest2.o conftest.c >&5
configure:8653: $? = 0
configure:8675: result: yes
configure:8683: checking if gcc supports -c -o file.o
configure:8730: result: yes
configure:8763: checking whether the gcc linker (/Applications/Xcode.app/Contents/Developer/Toolchains/XcodeDefault.xctoolchain/usr/bin/ld) supports shared libraries
configure:9916: result: yes
configure:10156: checking dynamic linker characteristics
configure:10889: result: darwin13.1.0 dyld
configure:10996: checking how to hardcode library paths into programs
configure:11021: result: immediate
configure:11561: checking whether stripping libraries is possible
configure:11575: result: yes
configure:11601: checking if libtool supports shared libraries
configure:11603: result: yes
configure:11606: checking whether to build shared libraries
configure:11627: result: yes
configure:11630: checking whether to build static libraries
configure:11634: result: yes
configure:11739: checking for g++
configure:11755: found /usr/bin/g++
configure:11766: result: g++
configure:11793: checking for C++ compiler version
configure:11802: g++ --version >&5
Apple LLVM version 5.1 (clang-503.0.38) (based on LLVM 3.4svn)
Target: x86_64-apple-darwin13.1.0
Thread model: posix
Configured with: --prefix=/Applications/Xcode.app/Contents/Developer/usr --with-gxx-include-dir=/usr/include/c++/4.2.1
configure:11813: $? = 0
configure:11802: g++ -v >&5
Configured with: --prefix=/Applications/Xcode.app/Contents/Developer/usr --with-gxx-include-dir=/usr/include/c++/4.2.1
Apple LLVM version 5.1 (clang-503.0.38) (based on LLVM 3.4svn)
Target: x86_64-apple-darwin13.1.0
Thread model: posix
configure:11813: $? = 0
configure:11802: g++ -V >&5
clang: error: argument to '-V' is missing (expected 1 value)
clang: error: no input files
configure:11813: $? = 1
configure:11802: g++ -qversion >&5
clang: error: unknown argument: '-qversion' [-Wunused-command-line-argument-hard-error-in-future]
clang: note: this will be a hard error (cannot be downgraded to a warning) in the future
clang: error: no input files
configure:11813: $? = 1
configure:11817: checking whether we are using the GNU C++ compiler
configure:11836: g++ -c  -O2 -Wall  conftest.cpp >&5
configure:11836: $? = 0
configure:11845: result: yes
configure:11854: checking whether g++ accepts -g
configure:11874: g++ -c -g  conftest.cpp >&5
configure:11874: $? = 0
configure:11915: result: yes
configure:11940: checking dependency style of g++
configure:12051: result: gcc3
configure:12084: checking how to run the C++ preprocessor
configure:12111: g++ -E  conftest.cpp
configure:12111: $? = 0
configure:12125: g++ -E  conftest.cpp
conftest.cpp:23:10: fatal error: 'ac_nonexistent.h' file not found
#include <ac_nonexistent.h>
         ^
1 error generated.
configure:12125: $? = 1
configure: failed program was:
| /* confdefs.h */
| #define PACKAGE_NAME "hplll"
| #define PACKAGE_TARNAME "hplll"
| #define PACKAGE_VERSION "0.1.1"
| #define PACKAGE_STRING "hplll 0.1.1"
| #define PACKAGE_BUGREPORT ""
| #define PACKAGE_URL ""
| #define PACKAGE "hplll"
| #define VERSION "0.1.1"
| #define STDC_HEADERS 1
| #define HAVE_SYS_TYPES_H 1
| #define HAVE_SYS_STAT_H 1
| #define HAVE_STDLIB_H 1
| #define HAVE_STRING_H 1
| #define HAVE_MEMORY_H 1
| #define HAVE_STRINGS_H 1
| #define HAVE_INTTYPES_H 1
| #define HAVE_STDINT_H 1
| #define HAVE_UNISTD_H 1
| #define HAVE_DLFCN_H 1
| #define LT_OBJDIR ".libs/"
| /* end confdefs.h.  */
| #include <ac_nonexistent.h>
configure:12150: result: g++ -E
configure:12170: g++ -E  conftest.cpp
configure:12170: $? = 0
configure:12184: g++ -E  conftest.cpp
conftest.cpp:23:10: fatal error: 'ac_nonexistent.h' file not found
#include <ac_nonexistent.h>
         ^
1 error generated.
configure:12184: $? = 1
configure: failed program was:
| /* confdefs.h */
| #define PACKAGE_NAME "hplll"
| #define PACKAGE_TARNAME "hplll"
| #define PACKAGE_VERSION "0.1.1"
| #define PACKAGE_STRING "hplll 0.1.1"
| #define PACKAGE_BUGREPORT ""
| #define PACKAGE_URL ""
| #define PACKAGE "hplll"
| #define VERSION "0.1.1"
| #define STDC_HEADERS 1
| #define HAVE_SYS_TYPES_H 1
| #define HAVE_SYS_STAT_H 1
| #define HAVE_STDLIB_H 1
| #define HAVE_STRING_H 1
| #define HAVE_MEMORY_H 1
| #define HAVE_STRINGS_H 1
| #define HAVE_INTTYPES_H 1
| #define HAVE_STDINT_H 1
| #define HAVE_UNISTD_H 1
| #define HAVE_DLFCN_H 1
| #define LT_OBJDIR ".libs/"
| /* end confdefs.h.  */
| #include <ac_nonexistent.h>
configure:12353: checking for ld used by g++
configure:12420: result: /Applications/Xcode.app/Contents/Developer/Toolchains/XcodeDefault.xctoolchain/usr/bin/ld
configure:12427: checking if the linker (/Applications/Xcode.app/Contents/Developer/Toolchains/XcodeDefault.xctoolchain/usr/bin/ld) is GNU ld
configure:12442: result: no
configure:12497: checking whether the g++ linker (/Applications/Xcode.app/Contents/Developer/Toolchains/XcodeDefault.xctoolchain/usr/bin/ld) supports shared libraries
configure:13502: result: yes
configure:13538: g++ -c  -O2 -Wall  conftest.cpp >&5
configure:13541: $? = 0
configure:14061: checking for g++ option to produce PIC
configure:14068: result: -fno-common -DPIC
configure:14076: checking if g++ PIC flag -fno-common -DPIC works
configure:14094: g++ -c  -O2 -Wall  -fno-common -DPIC -DPIC conftest.cpp >&5
configure:14098: $? = 0
configure:14111: result: yes
configure:14134: checking if g++ static flag -static works
configure:14162: result: no
configure:14174: checking if g++ supports -c -o file.o
configure:14195: g++ -c  -O2 -Wall  -o out/conftest2.o conftest.cpp >&5
configure:14199: $? = 0
configure:14221: result: yes
configure:14226: checking if g++ supports -c -o file.o
configure:14273: result: yes
configure:14303: checking whether the g++ linker (/Applications/Xcode.app/Contents/Developer/Toolchains/XcodeDefault.xctoolchain/usr/bin/ld) supports shared libraries
configure:14339: result: yes
configure:14480: checking dynamic linker characteristics
configure:15147: result: darwin13.1.0 dyld
configure:15200: checking how to hardcode library paths into programs
configure:15225: result: immediate
configure:15313: checking for gcc
configure:15340: result: gcc
configure:15569: checking for C compiler version
configure:15578: gcc --version >&5
Apple LLVM version 5.1 (clang-503.0.38) (based on LLVM 3.4svn)
Target: x86_64-apple-darwin13.1.0
Thread model: posix
Configured with: --prefix=/Applications/Xcode.app/Contents/Developer/usr --with-gxx-include-dir=/usr/include/c++/4.2.1
configure:15589: $? = 0
configure:15578: gcc -v >&5
Configured with: --prefix=/Applications/Xcode.app/Contents/Developer/usr --with-gxx-include-dir=/usr/include/c++/4.2.1
Apple LLVM version 5.1 (clang-503.0.38) (based on LLVM 3.4svn)
Target: x86_64-apple-darwin13.1.0
Thread model: posix
configure:15589: $? = 0
configure:15578: gcc -V >&5
clang: error: argument to '-V' is missing (expected 1 value)
clang: error: no input files
configure:15589: $? = 1
configure:15578: gcc -qversion >&5
clang: error: unknown argument: '-qversion' [-Wunused-command-line-argument-hard-error-in-future]
clang: note: this will be a hard error (cannot be downgraded to a warning) in the future
clang: error: no input files
configure:15589: $? = 1
configure:15593: checking whether we are using the GNU C compiler
configure:15621: result: yes
configure:15630: checking whether gcc accepts -g
configure:15691: result: yes
configure:15708: checking for gcc option to accept ISO C89
configure:15784: result: none needed
configure:15806: checking dependency style of gcc
configure:15917: result: gcc3
configure:15932: checking whether make sets $(MAKE)
configure:15954: result: yes
configure:15999: checking for __gmpz_init in -lgmp
configure:16024: g++ -o conftest  -O2 -Wall   conftest.cpp -lgmp   >&5
configure:16024: $? = 0
configure:16033: result: yes
configure:16046: checking for mpfr_add in -lmpfr
configure:16071: g++ -o conftest  -O2 -Wall   conftest.cpp -lmpfr  -lgmp  >&5
configure:16071: $? = 0
configure:16080: result: yes
configure:16106: checking for ANSI C header files
configure:16210: result: yes
configure:16221: checking limits.h usability
configure:16221: g++ -c  -O2 -Wall  conftest.cpp >&5
configure:16221: $? = 0
configure:16221: result: yes
configure:16221: checking limits.h presence
configure:16221: g++ -E  conftest.cpp
configure:16221: $? = 0
configure:16221: result: yes
configure:16221: checking for limits.h
configure:16221: result: yes
configure:16221: checking cstdio usability
configure:16221: g++ -c  -O2 -Wall  conftest.cpp >&5
configure:16221: $? = 0
configure:16221: result: yes
configure:16221: checking cstdio presence
configure:16221: g++ -E  conftest.cpp
configure:16221: $? = 0
configure:16221: result: yes
configure:16221: checking for cstdio
configure:16221: result: yes
configure:16221: checking iostream usability
configure:16221: g++ -c  -O2 -Wall  conftest.cpp >&5
configure:16221: $? = 0
configure:16221: result: yes
configure:16221: checking iostream presence
configure:16221: g++ -E  conftest.cpp
configure:16221: $? = 0
configure:16221: result: yes
configure:16221: checking for iostream
configure:16221: result: yes
configure:16221: checking string usability
configure:16221: g++ -c  -O2 -Wall  conftest.cpp >&5
configure:16221: $? = 0
configure:16221: result: yes
configure:16221: checking string presence
configure:16221: g++ -E  conftest.cpp
configure:16221: $? = 0
configure:16221: result: yes
configure:16221: checking for string
configure:16221: result: yes
configure:16221: checking limits usability
configure:16221: g++ -c  -O2 -Wall  conftest.cpp >&5
configure:16221: $? = 0
configure:16221: result: yes
configure:16221: checking limits presence
configure:16221: g++ -E  conftest.cpp
configure:16221: $? = 0
configure:16221: result: yes
configure:16221: checking for limits
configure:16221: result: yes
configure:16221: checking vector usability
configure:16221: g++ -c  -O2 -Wall  conftest.cpp >&5
configure:16221: $? = 0
configure:16221: result: yes
configure:16221: checking vector presence
configure:16221: g++ -E  conftest.cpp
configure:16221: $? = 0
configure:16221: result: yes
configure:16221: checking for vector
configure:16221: result: yes
configure:16233: checking for stdbool.h that conforms to C99
configure:16300: g++ -c  -O2 -Wall  conftest.cpp >&5
configure:16300: $? = 0
configure:16307: result: yes
configure:16309: checking for _Bool
configure:16309: g++ -c  -O2 -Wall  conftest.cpp >&5
conftest.cpp:68:13: error: use of undeclared identifier '_Bool'
if (sizeof (_Bool))
            ^
1 error generated.
configure:16309: $? = 1
configure: failed program was:
| /* confdefs.h */
| #define PACKAGE_NAME "hplll"
| #define PACKAGE_TARNAME "hplll"
| #define PACKAGE_VERSION "0.1.1"
| #define PACKAGE_STRING "hplll 0.1.1"
| #define PACKAGE_BUGREPORT ""
| #define PACKAGE_URL ""
| #define PACKAGE "hplll"
| #define VERSION "0.1.1"
| #define STDC_HEADERS 1
| #define HAVE_SYS_TYPES_H 1
| #define HAVE_SYS_STAT_H 1
| #define HAVE_STDLIB_H 1
| #define HAVE_STRING_H 1
| #define HAVE_MEMORY_H 1
| #define HAVE_STRINGS_H 1
| #define HAVE_INTTYPES_H 1
| #define HAVE_STDINT_H 1
| #define HAVE_UNISTD_H 1
| #define HAVE_DLFCN_H 1
| #define LT_OBJDIR ".libs/"
| #define HAVE_LIBGMP 1
| #define HAVE_LIBMPFR 1
| #define STDC_HEADERS 1
| #define HAVE_LIMITS_H 1
| #define HAVE_CSTDIO 1
| #define HAVE_IOSTREAM 1
| #define HAVE_STRING 1
| #define HAVE_LIMITS 1
| #define HAVE_VECTOR 1
| /* end confdefs.h.  */
| #include <stdio.h>
| #ifdef HAVE_SYS_TYPES_H
| # include <sys/types.h>
| #endif
| #ifdef HAVE_SYS_STAT_H
| # include <sys/stat.h>
| #endif
| #ifdef STDC_HEADERS
| # include <stdlib.h>
| # include <stddef.h>
| #else
| # ifdef HAVE_STDLIB_H
| #  include <stdlib.h>
| # endif
| #endif
| #ifdef HAVE_STRING_H
| # if !defined STDC_HEADERS && defined HAVE_MEMORY_H
| #  include <memory.h>
| # endif
| # include <string.h>
| #endif
| #ifdef HAVE_STRINGS_H
| # include <strings.h>
| #endif
| #ifdef HAVE_INTTYPES_H
| # include <inttypes.h>
| #endif
| #ifdef HAVE_STDINT_H
| # include <stdint.h>
| #endif
| #ifdef HAVE_UNISTD_H
| # include <unistd.h>
| #endif
| int
| main ()
| {
| if (sizeof (_Bool))
| 	 return 0;
|   ;
|   return 0;
| }
configure:16309: result: no
configure:16326: checking for an ANSI C-conforming const
configure:16392: g++ -c  -O2 -Wall  conftest.cpp >&5
configure:16392: $? = 0
configure:16399: result: yes
configure:16407: checking for inline
configure:16423: g++ -c  -O2 -Wall  conftest.cpp >&5
configure:16423: $? = 0
configure:16431: result: inline
configure:16449: checking for size_t
configure:16449: g++ -c  -O2 -Wall  conftest.cpp >&5
configure:16449: $? = 0
configure:16449: g++ -c  -O2 -Wall  conftest.cpp >&5
conftest.cpp:69:21: error: expected expression
if (sizeof ((size_t)))
                    ^
1 error generated.
configure:16449: $? = 1
configure: failed program was:
| /* confdefs.h */
| #define PACKAGE_NAME "hplll"
| #define PACKAGE_TARNAME "hplll"
| #define PACKAGE_VERSION "0.1.1"
| #define PACKAGE_STRING "hplll 0.1.1"
| #define PACKAGE_BUGREPORT ""
| #define PACKAGE_URL ""
| #define PACKAGE "hplll"
| #define VERSION "0.1.1"
| #define STDC_HEADERS 1
| #define HAVE_SYS_TYPES_H 1
| #define HAVE_SYS_STAT_H 1
| #define HAVE_STDLIB_H 1
| #define HAVE_STRING_H 1
| #define HAVE_MEMORY_H 1
| #define HAVE_STRINGS_H 1
| #define HAVE_INTTYPES_H 1
| #define HAVE_STDINT_H 1
| #define HAVE_UNISTD_H 1
| #define HAVE_DLFCN_H 1
| #define LT_OBJDIR ".libs/"
| #define HAVE_LIBGMP 1
| #define HAVE_LIBMPFR 1
| #define STDC_HEADERS 1
| #define HAVE_LIMITS_H 1
| #define HAVE_CSTDIO 1
| #define HAVE_IOSTREAM 1
| #define HAVE_STRING 1
| #define HAVE_LIMITS 1
| #define HAVE_VECTOR 1
| #define HAVE_STDBOOL_H 1
| /* end confdefs.h.  */
| #include <stdio.h>
| #ifdef HAVE_SYS_TYPES_H
| # include <sys/types.h>
| #endif
| #ifdef HAVE_SYS_STAT_H
| # include <sys/stat.h>
| #endif
| #ifdef STDC_HEADERS
| # include <stdlib.h>
| # include <stddef.h>
| #else
| # ifdef HAVE_STDLIB_H
| #  include <stdlib.h>
| # endif
| #endif
| #ifdef HAVE_STRING_H
| # if !defined STDC_HEADERS && defined HAVE_MEMORY_H
| #  include <memory.h>
| # endif
| # include <string.h>
| #endif
| #ifdef HAVE_STRINGS_H
| # include <strings.h>
| #endif
| #ifdef HAVE_INTTYPES_H
| # include <inttypes.h>
| #endif
| #ifdef HAVE_STDINT_H
| # include <stdint.h>
| #endif
| #ifdef HAVE_UNISTD_H
| # include <unistd.h>
| #endif
| int
| main ()
| {
| if (sizeof ((size_t)))
| 	    return 0;
|   ;
|   return 0;
| }
configure:16449: result: yes
configure:16460: checking for working volatile
configure:16479: g++ -c  -O2 -Wall  conftest.cpp >&5
conftest.cpp:40:9: warning: variable 'x' is uninitialized when used here [-Wuninitialized]
return !x && !y;
        ^
conftest.cpp:38:15: note: initialize the variable 'x' to silence this warning
volatile int x;
              ^
               = 0
1 warning generated.
configure:16479: $? = 0
configure:16486: result: yes
configure:16496: checking for working strtod
configure:16537: g++ -o conftest  -O2 -Wall   conftest.cpp -lmpfr -lgmp  >&5
conftest.cpp:75:20: warning: conversion from string literal to 'char *' is deprecated [-Wdeprecated-writable-strings]
    char *string = " +69";
                   ^
conftest.cpp:86:20: warning: conversion from string literal to 'char *' is deprecated [-Wdeprecated-writable-strings]
    char *string = "NaN";
                   ^
2 warnings generated.
configure:16537: $? = 0
configure:16537: ./conftest
configure:16537: $? = 0
configure:16547: result: yes
configure:16612: checking for floor
configure:16612: g++ -o conftest  -O2 -Wall   conftest.cpp -lmpfr -lgmp  >&5
configure:16612: $? = 0
configure:16612: result: yes
configure:16612: checking for pow
configure:16612: g++ -o conftest  -O2 -Wall   conftest.cpp -lmpfr -lgmp  >&5
configure:16612: $? = 0
configure:16612: result: yes
configure:16612: checking for rint
configure:16612: g++ -o conftest  -O2 -Wall   conftest.cpp -lmpfr -lgmp  >&5
configure:16612: $? = 0
configure:16612: result: yes
configure:16612: checking for sqrt
configure:16612: g++ -o conftest  -O2 -Wall   conftest.cpp -lmpfr -lgmp  >&5
configure:16612: $? = 0
configure:16612: result: yes
configure:16612: checking for strtol
configure:16612: g++ -o conftest  -O2 -Wall   conftest.cpp -lmpfr -lgmp  >&5
configure:16612: $? = 0
configure:16612: result: yes
configure:16612: checking for utime
configure:16612: g++ -o conftest  -O2 -Wall   conftest.cpp -lmpfr -lgmp  >&5
configure:16612: $? = 0
configure:16612: result: yes
configure:16623: checking for __gmp_get_memory_functions in -lgmp
configure:16648: g++ -o conftest  -O2 -Wall   conftest.cpp -lgmp  -lmpfr -lgmp  >&5
configure:16648: $? = 0
configure:16657: result: yes
configure:16671: checking for mpfr_fms in -lmpfr
configure:16696: g++ -o conftest  -O2 -Wall   conftest.cpp -lmpfr  -lgmp -lmpfr -lgmp  >&5
configure:16696: $? = 0
configure:16705: result: yes
configure:16739: g++ -o conftest  -O2 -Wall   -lfplll conftest.cpp -lmpfr -lgmp -lmpfr -lgmp  >&5
configure:16739: $? = 0
configure:16740: result: checking for cputime in -lfplll... yes
configure:16772: g++ -o conftest  -O2 -Wall   -lntl conftest.cpp -lmpfr -lgmp -lmpfr -lgmp  >&5
configure:16772: $? = 0
configure:16773: result: checking for to_long in -lntl... yes
configure:16896: checking that generated files are newer than configure
configure:16902: result: done
configure:16937: creating ./config.status

## ---------------- ##
## Cache variables. ##
## ---------------- ##

ac_cv_build=x86_64-apple-darwin13.1.0
ac_cv_c_compiler_gnu=yes
ac_cv_c_const=yes
ac_cv_c_inline=inline
ac_cv_c_volatile=yes
ac_cv_cxx_compiler_gnu=yes
ac_cv_env_CCC_set=
ac_cv_env_CCC_value=
ac_cv_env_CC_set=
ac_cv_env_CC_value=
ac_cv_env_CFLAGS_set=
ac_cv_env_CFLAGS_value=
ac_cv_env_CPPFLAGS_set=
ac_cv_env_CPPFLAGS_value=
ac_cv_env_CPP_set=
ac_cv_env_CPP_value=
ac_cv_env_CXXCPP_set=
ac_cv_env_CXXCPP_value=
ac_cv_env_CXXFLAGS_set=
ac_cv_env_CXXFLAGS_value=
ac_cv_env_CXX_set=
ac_cv_env_CXX_value=
ac_cv_env_LDFLAGS_set=
ac_cv_env_LDFLAGS_value=
ac_cv_env_LIBS_set=
ac_cv_env_LIBS_value=
ac_cv_env_build_alias_set=
ac_cv_env_build_alias_value=
ac_cv_env_host_alias_set=
ac_cv_env_host_alias_value=
ac_cv_env_target_alias_set=
ac_cv_env_target_alias_value=
ac_cv_func_floor=yes
ac_cv_func_pow=yes
ac_cv_func_rint=yes
ac_cv_func_sqrt=yes
ac_cv_func_strtod=yes
ac_cv_func_strtol=yes
ac_cv_func_utime=yes
ac_cv_header_cstdio=yes
ac_cv_header_dlfcn_h=yes
ac_cv_header_inttypes_h=yes
ac_cv_header_iostream=yes
ac_cv_header_limits=yes
ac_cv_header_limits_h=yes
ac_cv_header_memory_h=yes
ac_cv_header_stdbool_h=yes
ac_cv_header_stdc=yes
ac_cv_header_stdint_h=yes
ac_cv_header_stdlib_h=yes
ac_cv_header_string=yes
ac_cv_header_string_h=yes
ac_cv_header_strings_h=yes
ac_cv_header_sys_stat_h=yes
ac_cv_header_sys_types_h=yes
ac_cv_header_unistd_h=yes
ac_cv_header_vector=yes
ac_cv_host=x86_64-apple-darwin13.1.0
ac_cv_lib_gmp___gmp_get_memory_functions=yes
ac_cv_lib_gmp___gmpz_init=yes
ac_cv_lib_mpfr_mpfr_add=yes
ac_cv_lib_mpfr_mpfr_fms=yes
ac_cv_objext=o
ac_cv_path_EGREP='/usr/bin/grep -E'
ac_cv_path_FGREP='/usr/bin/grep -F'
ac_cv_path_GREP=/usr/bin/grep
ac_cv_path_SED=/usr/bin/sed
ac_cv_path_install='/usr/bin/install -c'
ac_cv_path_mkdir=/opt/local/bin/gmkdir
ac_cv_prog_AWK=awk
ac_cv_prog_CPP='gcc -E'
ac_cv_prog_CXXCPP='g++ -E'
ac_cv_prog_ac_ct_AR=ar
ac_cv_prog_ac_ct_CC=gcc
ac_cv_prog_ac_ct_CXX=g++
ac_cv_prog_ac_ct_DSYMUTIL=dsymutil
ac_cv_prog_ac_ct_LIPO=lipo
ac_cv_prog_ac_ct_NMEDIT=nmedit
ac_cv_prog_ac_ct_OTOOL=otool
ac_cv_prog_ac_ct_RANLIB=ranlib
ac_cv_prog_ac_ct_STRIP=strip
ac_cv_prog_cc_c89=
ac_cv_prog_cc_g=yes
ac_cv_prog_cxx_g=yes
ac_cv_prog_make_make_set=yes
ac_cv_type__Bool=no
ac_cv_type_size_t=yes
am_cv_CC_dependencies_compiler_type=gcc3
am_cv_CXX_dependencies_compiler_type=gcc3
am_cv_make_support_nested_variables=yes
lt_cv_apple_cc_single_mod=yes
lt_cv_ar_at_file=no
lt_cv_deplibs_check_method=pass_all
lt_cv_file_magic_cmd='$MAGIC_CMD'
lt_cv_file_magic_test_file=
lt_cv_ld_exported_symbols_list=yes
lt_cv_ld_force_load=yes
lt_cv_ld_reload_flag=-r
lt_cv_nm_interface='BSD nm'
lt_cv_objdir=.libs
lt_cv_path_LD=/Applications/Xcode.app/Contents/Developer/Toolchains/XcodeDefault.xctoolchain/usr/bin/ld
lt_cv_path_LDCXX=/Applications/Xcode.app/Contents/Developer/Toolchains/XcodeDefault.xctoolchain/usr/bin/ld
lt_cv_path_NM=/usr/bin/nm
lt_cv_path_mainfest_tool=no
lt_cv_prog_compiler_c_o=yes
lt_cv_prog_compiler_c_o_CXX=yes
lt_cv_prog_compiler_pic='-fno-common -DPIC'
lt_cv_prog_compiler_pic_CXX='-fno-common -DPIC'
lt_cv_prog_compiler_pic_works=yes
lt_cv_prog_compiler_pic_works_CXX=yes
lt_cv_prog_compiler_rtti_exceptions=yes
lt_cv_prog_compiler_static_works=no
lt_cv_prog_compiler_static_works_CXX=no
lt_cv_prog_gnu_ld=no
lt_cv_prog_gnu_ldcxx=no
lt_cv_sharedlib_from_linklib_cmd='printf %s\n'
lt_cv_sys_global_symbol_pipe='sed -n -e '\''s/^.*[	 ]\([BCDEGRST][BCDEGRST]*\)[	 ][	 ]*_\([_A-Za-z][_A-Za-z0-9]*\)$/\1 _\2 \2/p'\'' | sed '\''/ __gnu_lto/d'\'''
lt_cv_sys_global_symbol_to_c_name_address='sed -n -e '\''s/^: \([^ ]*\)[ ]*$/  {\"\1\", (void *) 0},/p'\'' -e '\''s/^[BCDEGRST]* \([^ ]*\) \([^ ]*\)$/  {"\2", (void *) \&\2},/p'\'''
lt_cv_sys_global_symbol_to_c_name_address_lib_prefix='sed -n -e '\''s/^: \([^ ]*\)[ ]*$/  {\"\1\", (void *) 0},/p'\'' -e '\''s/^[BCDEGRST]* \([^ ]*\) \(lib[^ ]*\)$/  {"\2", (void *) \&\2},/p'\'' -e '\''s/^[BCDEGRST]* \([^ ]*\) \([^ ]*\)$/  {"lib\2", (void *) \&\2},/p'\'''
lt_cv_sys_global_symbol_to_cdecl='sed -n -e '\''s/^T .* \(.*\)$/extern int \1();/p'\'' -e '\''s/^[BCDEGRST]* .* \(.*\)$/extern char \1;/p'\'''
lt_cv_sys_max_cmd_len=196608
lt_cv_to_host_file_cmd=func_convert_file_noop
lt_cv_to_tool_file_cmd=func_convert_file_noop

## ----------------- ##
## Output variables. ##
## ----------------- ##

ACLOCAL='${SHELL} /Users/gvillard/Soft/hplll-0.1.1/missing aclocal-1.13'
AMDEPBACKSLASH='\'
AMDEP_FALSE='#'
AMDEP_TRUE=''
AMTAR='$${TAR-tar}'
AM_BACKSLASH='\'
AM_DEFAULT_V='$(AM_DEFAULT_VERBOSITY)'
AM_DEFAULT_VERBOSITY='1'
AM_V='$(V)'
AR='ar'
AUTOCONF='${SHELL} /Users/gvillard/Soft/hplll-0.1.1/missing autoconf'
AUTOHEADER='${SHELL} /Users/gvillard/Soft/hplll-0.1.1/missing autoheader'
AUTOMAKE='${SHELL} /Users/gvillard/Soft/hplll-0.1.1/missing automake-1.13'
AWK='awk'
CC='gcc'
CCDEPMODE='depmode=gcc3'
CFLAGS=' -O2 -Wall'
CPP='gcc -E'
CPPFLAGS=''
CXX='g++'
CXXCPP='g++ -E'
CXXDEPMODE='depmode=gcc3'
CXXFLAGS=' -O2 -Wall'
CYGPATH_W='echo'
DEFS='-DHAVE_CONFIG_H'
DEPDIR='.deps'
DLLTOOL='false'
DSYMUTIL='dsymutil'
DUMPBIN=''
ECHO_C='\c'
ECHO_N=''
ECHO_T=''
EGREP='/usr/bin/grep -E'
EXEEXT=''
FGREP='/usr/bin/grep -F'
GREP='/usr/bin/grep'
INSTALL_DATA='${INSTALL} -m 644'
INSTALL_PROGRAM='${INSTALL}'
INSTALL_SCRIPT='${INSTALL}'
INSTALL_STRIP_PROGRAM='$(install_sh) -c -s'
LD='/Applications/Xcode.app/Contents/Developer/Toolchains/XcodeDefault.xctoolchain/usr/bin/ld'
LDFLAGS=''
LIBOBJS=''
LIBS='-lmpfr -lgmp -lmpfr -lgmp '
LIBTOOL='$(SHELL) $(top_builddir)/libtool'
LIPO='lipo'
LN_S='ln -s'
LTLIBOBJS=''
MAINT=''
MAINTAINER_MODE_FALSE='#'
MAINTAINER_MODE_TRUE=''
MAKEINFO='${SHELL} /Users/gvillard/Soft/hplll-0.1.1/missing makeinfo'
MANIFEST_TOOL=':'
MKDIR_P='/opt/local/bin/gmkdir -p'
NM='/usr/bin/nm'
NMEDIT='nmedit'
OBJDUMP='false'
OBJEXT='o'
OTOOL64=':'
OTOOL='otool'
PACKAGE='hplll'
PACKAGE_BUGREPORT=''
PACKAGE_NAME='hplll'
PACKAGE_STRING='hplll 0.1.1'
PACKAGE_TARNAME='hplll'
PACKAGE_URL=''
PACKAGE_VERSION='0.1.1'
PATH_SEPARATOR=':'
POW_LIB=''
RANLIB='ranlib'
SED='/usr/bin/sed'
SET_MAKE=''
SHELL='/bin/sh'
STRIP='strip'
VERSION='0.1.1'
ac_ct_AR='ar'
ac_ct_CC='gcc'
ac_ct_CXX='g++'
ac_ct_DUMPBIN=''
am__EXEEXT_FALSE=''
am__EXEEXT_TRUE='#'
am__fastdepCC_FALSE='#'
am__fastdepCC_TRUE=''
am__fastdepCXX_FALSE='#'
am__fastdepCXX_TRUE=''
am__include='include'
am__isrc=''
am__leading_dot='.'
am__nodep='_no'
am__quote=''
am__tar='$${TAR-tar} chof - "$$tardir"'
am__untar='$${TAR-tar} xf -'
bindir='${exec_prefix}/bin'
build='x86_64-apple-darwin13.1.0'
build_alias=''
build_cpu='x86_64'
build_os='darwin13.1.0'
build_vendor='apple'
datadir='${datarootdir}'
datarootdir='${prefix}/share'
docdir='${datarootdir}/doc/${PACKAGE_TARNAME}'
dvidir='${docdir}'
exec_prefix='${prefix}'
host='x86_64-apple-darwin13.1.0'
host_alias=''
host_cpu='x86_64'
host_os='darwin13.1.0'
host_vendor='apple'
htmldir='${docdir}'
includedir='${prefix}/include'
infodir='${datarootdir}/info'
install_sh='${SHELL} /Users/gvillard/Soft/hplll-0.1.1/install-sh'
libdir='${exec_prefix}/lib'
libexecdir='${exec_prefix}/libexec'
localedir='${datarootdir}/locale'
localstatedir='${prefix}/var'
mandir='${datarootdir}/man'
mkdir_p='$(MKDIR_P)'
oldincludedir='/usr/include'
pdfdir='${docdir}'
prefix='/usr/local'
program_transform_name='s,x,x,'
psdir='${docdir}'
sbindir='${exec_prefix}/sbin'
sharedstatedir='${prefix}/com'
sysconfdir='${prefix}/etc'
target_alias=''

## ----------- ##
## confdefs.h. ##
## ----------- ##

/* confdefs.h */
#define PACKAGE_NAME "hplll"
#define PACKAGE_TARNAME "hplll"
#define PACKAGE_VERSION "0.1.1"
#define PACKAGE_STRING "hplll 0.1.1"
#define PACKAGE_BUGREPORT ""
#define PACKAGE_URL ""
#define PACKAGE "hplll"
#define VERSION "0.1.1"
#define STDC_HEADERS 1
#define HAVE_SYS_TYPES_H 1
#define HAVE_SYS_STAT_H 1
#define HAVE_STDLIB_H 1
#define HAVE_STRING_H 1
#define HAVE_MEMORY_H 1
#define HAVE_STRINGS_H 1
#define HAVE_INTTYPES_H 1
#define HAVE_STDINT_H 1
#define HAVE_UNISTD_H 1
#define HAVE_DLFCN_H 1
#define LT_OBJDIR ".libs/"
#define HAVE_LIBGMP 1
#define HAVE_LIBMPFR 1
#define STDC_HEADERS 1
#define HAVE_LIMITS_H 1
#define HAVE_CSTDIO 1
#define HAVE_IOSTREAM 1
#define HAVE_STRING 1
#define HAVE_LIMITS 1
#define HAVE_VECTOR 1
#define HAVE_STDBOOL_H 1
#define HAVE_FLOOR 1
#define HAVE_POW 1
#define HAVE_RINT 1
#define HAVE_SQRT 1
#define HAVE_STRTOL 1
#define HAVE_UTIME 1
#define HAVE_LIBGMP 1
#define HAVE_LIBMPFR 1

configure: exit 0

## ---------------------- ##
## Running config.status. ##
## ---------------------- ##

This file was extended by hplll config.status 0.1.1, which was
generated by GNU Autoconf 2.69.  Invocation command line was

  CONFIG_FILES    = 
  CONFIG_HEADERS  = 
  CONFIG_LINKS    = 
  CONFIG_COMMANDS = 
  $ ./config.status 

on New-MacBook-II-3.local

config.status:1164: creating Makefile
config.status:1164: creating src/Makefile
config.status:1164: creating tests/Makefile
config.status:1164: creating config.h
config.status:1345: config.h is unchanged
config.status:1393: executing depfiles commands
config.status:1393: executing libtool commands

## ---------------------- ##
## Running config.status. ##
## ---------------------- ##

This file was extended by hplll config.status 0.1.1, which was
generated by GNU Autoconf 2.69.  Invocation command line was

  CONFIG_FILES    = 
  CONFIG_HEADERS  = 
  CONFIG_LINKS    = 
  CONFIG_COMMANDS = 
  $ ./config.status config.h

on New-MacBook-II-3.local

config.status:1164: creating config.h
config.status:1345: config.h is unchanged
